<?xml version="1.0" encoding="UTF-8"?>
<!-- Generated by org.testng.reporters.JUnitXMLReporter -->
<testsuite ignored="0" hostname="jaykishore-PC" failures="0" tests="4" name="Default test" time="4.988" errors="0" timestamp="2024-01-30T23:19:33 GMT-05:00">
  <testcase classname="Api.test.UserTests2" name="testPostUser" time="2.991"/>
  <testcase classname="Api.test.UserTests2" name="testGetUserByName" time="0.223"/>
  <testcase classname="Api.test.UserTests2" name="testUpdateByName" time="0.444"/>
  <testcase classname="Api.test.UserTests2" name="testDeleteUserByName" time="0.183"/>
</testsuite> <!-- Default test -->
