<?xml version="1.0" encoding="UTF-8"?>
<!-- Generated by org.testng.reporters.JUnitXMLReporter -->
<testsuite ignored="0" hostname="jaykishore-PC" failures="0" tests="4" name="Default test" time="20.085" errors="0" timestamp="2024-02-01T22:12:11 GMT-05:00">
  <testcase classname="Api.test.UserTests2" name="testPostUser" time="7.22"/>
  <testcase classname="Api.test.UserTests2" name="testGetUserByName" time="0.238"/>
  <testcase classname="Api.test.UserTests2" name="testUpdateByName" time="0.376"/>
  <testcase classname="Api.test.UserTests2" name="testDeleteUserByName" time="0.181"/>
</testsuite> <!-- Default test -->
