<?xml version="1.0" encoding="UTF-8"?>
<!-- Generated by org.testng.reporters.JUnitXMLReporter -->
<testsuite ignored="0" hostname="jaykishore-PC" failures="0" tests="8" name="PetTests" time="7.836" errors="0" timestamp="2024-02-01T22:52:30 GMT-05:00">
  <testcase classname="Api.test.UserTests" name="testPostUser" time="4.05"/>
  <testcase classname="Api.test.UserTests" name="testGetUserByName" time="0.329"/>
  <testcase classname="Api.test.UserTests" name="testUpdateByName" time="0.396"/>
  <testcase classname="Api.test.UserTests" name="testDeleteUserByName" time="0.171"/>
  <testcase classname="Api.test.UserTests2" name="testPostUser" time="0.228"/>
  <testcase classname="Api.test.UserTests2" name="testGetUserByName" time="0.171"/>
  <testcase classname="Api.test.UserTests2" name="testUpdateByName" time="0.349"/>
  <testcase classname="Api.test.UserTests2" name="testDeleteUserByName" time="0.17"/>
</testsuite> <!-- PetTests -->
