<?xml version="1.0" encoding="UTF-8"?>
<!-- Generated by org.testng.reporters.JUnitXMLReporter -->
<testsuite ignored="0" hostname="jaykishore-PC" failures="4" tests="4" name="PetTests" time="1.336" errors="0" timestamp="2024-01-30T22:32:41 GMT-05:00">
  <testcase classname="Api.test.UserTests2" name="testPostUser" time="0.022">
    <failure type="java.util.MissingResourceException" message="Can&amp;apos;t find resource for bundle java.util.PropertyResourceBundle, key post_url">
      <![CDATA[java.util.MissingResourceException: Can't find resource for bundle java.util.PropertyResourceBundle, key post_url
at java.base/java.util.ResourceBundle.getObject(ResourceBundle.java:564)
at java.base/java.util.ResourceBundle.getString(ResourceBundle.java:521)
at Api.endpoints.UserEndPoints2.CreateUser(UserEndPoints2.java:26)
at Api.test.UserTests2.testPostUser(UserTests2.java:47)
at java.base/java.util.ArrayList.forEach(ArrayList.java:1540)
... Removed 27 stack frames]]>
    </failure>
  </testcase> <!-- testPostUser -->
  <testcase classname="Api.test.UserTests2" name="testGetUserByName" time="0.006">
    <failure type="java.util.MissingResourceException" message="Can&amp;apos;t find resource for bundle java.util.PropertyResourceBundle, key get_url">
      <![CDATA[java.util.MissingResourceException: Can't find resource for bundle java.util.PropertyResourceBundle, key get_url
at java.base/java.util.ResourceBundle.getObject(ResourceBundle.java:564)
at java.base/java.util.ResourceBundle.getString(ResourceBundle.java:521)
at Api.endpoints.UserEndPoints2.readUser(UserEndPoints2.java:40)
at Api.test.UserTests2.testGetUserByName(UserTests2.java:60)
at java.base/java.util.ArrayList.forEach(ArrayList.java:1540)
... Removed 27 stack frames]]>
    </failure>
  </testcase> <!-- testGetUserByName -->
  <testcase classname="Api.test.UserTests2" name="testUpdateByName" time="0.015">
    <failure type="java.util.MissingResourceException" message="Can&amp;apos;t find resource for bundle java.util.PropertyResourceBundle, key update_url">
      <![CDATA[java.util.MissingResourceException: Can't find resource for bundle java.util.PropertyResourceBundle, key update_url
at java.base/java.util.ResourceBundle.getObject(ResourceBundle.java:564)
at java.base/java.util.ResourceBundle.getString(ResourceBundle.java:521)
at Api.endpoints.UserEndPoints2.updateUser(UserEndPoints2.java:52)
at Api.test.UserTests2.testUpdateByName(UserTests2.java:79)
at java.base/java.util.ArrayList.forEach(ArrayList.java:1540)
... Removed 27 stack frames]]>
    </failure>
  </testcase> <!-- testUpdateByName -->
  <testcase classname="Api.test.UserTests2" name="testDeleteUserByName" time="0.002">
    <failure type="java.util.MissingResourceException" message="Can&amp;apos;t find resource for bundle java.util.PropertyResourceBundle, key delete_url">
      <![CDATA[java.util.MissingResourceException: Can't find resource for bundle java.util.PropertyResourceBundle, key delete_url
at java.base/java.util.ResourceBundle.getObject(ResourceBundle.java:564)
at java.base/java.util.ResourceBundle.getString(ResourceBundle.java:521)
at Api.endpoints.UserEndPoints2.deleteUser(UserEndPoints2.java:68)
at Api.test.UserTests2.testDeleteUserByName(UserTests2.java:97)
at java.base/java.util.ArrayList.forEach(ArrayList.java:1540)
... Removed 27 stack frames]]>
    </failure>
  </testcase> <!-- testDeleteUserByName -->
</testsuite> <!-- PetTests -->
