<?xml version="1.0" encoding="UTF-8"?>
<!-- Generated by org.testng.reporters.JUnitXMLReporter -->
<testsuite ignored="0" hostname="jaykishore-PC" failures="0" tests="4" name="PetTests" time="16.991" errors="0" timestamp="2024-02-01T15:37:17 GMT-05:00">
  <testcase classname="Api.test.UserTests2" name="testPostUser" time="11.594"/>
  <testcase classname="Api.test.UserTests2" name="testGetUserByName" time="0.208"/>
  <testcase classname="Api.test.UserTests2" name="testUpdateByName" time="0.404"/>
  <testcase classname="Api.test.UserTests2" name="testDeleteUserByName" time="0.159"/>
</testsuite> <!-- PetTests -->
