<?xml version="1.0" encoding="UTF-8"?>
<testng-results ignored="0" total="4" passed="4" failed="0" skipped="0">
  <reporter-output>
  </reporter-output>
  <suite started-at="2024-02-01T15:37:00 GMT-05:00" name="Suite" finished-at="2024-02-01T15:37:17 GMT-05:00" duration-ms="16991">
    <groups>
    </groups>
    <test started-at="2024-02-01T15:37:00 GMT-05:00" name="PetTests" finished-at="2024-02-01T15:37:17 GMT-05:00" duration-ms="16991">
      <class name="Api.test.UserTests2">
        <test-method is-config="true" signature="setupData()[pri:0, instance:Api.test.UserTests2@4686afc2]" started-at="2024-02-01T15:37:00 GMT-05:00" name="setupData" finished-at="2024-02-01T15:37:05 GMT-05:00" duration-ms="4558" status="PASS">
          <reporter-output>
          </reporter-output>
        </test-method> <!-- setupData -->
        <test-method signature="testPostUser()[pri:1, instance:Api.test.UserTests2@4686afc2]" started-at="2024-02-01T15:37:05 GMT-05:00" name="testPostUser" finished-at="2024-02-01T15:37:16 GMT-05:00" duration-ms="11594" status="PASS">
          <reporter-output>
          </reporter-output>
        </test-method> <!-- testPostUser -->
        <test-method signature="testGetUserByName()[pri:2, instance:Api.test.UserTests2@4686afc2]" started-at="2024-02-01T15:37:16 GMT-05:00" name="testGetUserByName" finished-at="2024-02-01T15:37:17 GMT-05:00" duration-ms="208" status="PASS">
          <reporter-output>
          </reporter-output>
        </test-method> <!-- testGetUserByName -->
        <test-method signature="testUpdateByName()[pri:3, instance:Api.test.UserTests2@4686afc2]" started-at="2024-02-01T15:37:17 GMT-05:00" name="testUpdateByName" finished-at="2024-02-01T15:37:17 GMT-05:00" duration-ms="404" status="PASS">
          <reporter-output>
          </reporter-output>
        </test-method> <!-- testUpdateByName -->
        <test-method signature="testDeleteUserByName()[pri:4, instance:Api.test.UserTests2@4686afc2]" started-at="2024-02-01T15:37:17 GMT-05:00" name="testDeleteUserByName" finished-at="2024-02-01T15:37:17 GMT-05:00" duration-ms="159" status="PASS">
          <reporter-output>
          </reporter-output>
        </test-method> <!-- testDeleteUserByName -->
      </class> <!-- Api.test.UserTests2 -->
    </test> <!-- PetTests -->
  </suite> <!-- Suite -->
</testng-results>
