<?xml version="1.0" encoding="UTF-8"?>
<testng-results ignored="0" total="4" passed="4" failed="0" skipped="0">
  <reporter-output>
  </reporter-output>
  <suite started-at="2024-01-30T23:19:28 GMT-05:00" name="Default suite" finished-at="2024-01-30T23:19:33 GMT-05:00" duration-ms="4988">
    <groups>
    </groups>
    <test started-at="2024-01-30T23:19:28 GMT-05:00" name="Default test" finished-at="2024-01-30T23:19:33 GMT-05:00" duration-ms="4988">
      <class name="Api.test.UserTests2">
        <test-method is-config="true" signature="setupData()[pri:0, instance:Api.test.UserTests2@710c2b53]" started-at="2024-01-30T23:19:28 GMT-05:00" name="setupData" finished-at="2024-01-30T23:19:29 GMT-05:00" duration-ms="1071" status="PASS">
          <reporter-output>
          </reporter-output>
        </test-method> <!-- setupData -->
        <test-method signature="testPostUser()[pri:1, instance:Api.test.UserTests2@710c2b53]" started-at="2024-01-30T23:19:29 GMT-05:00" name="testPostUser" finished-at="2024-01-30T23:19:32 GMT-05:00" duration-ms="2991" status="PASS">
          <reporter-output>
          </reporter-output>
        </test-method> <!-- testPostUser -->
        <test-method signature="testGetUserByName()[pri:2, instance:Api.test.UserTests2@710c2b53]" started-at="2024-01-30T23:19:32 GMT-05:00" name="testGetUserByName" finished-at="2024-01-30T23:19:32 GMT-05:00" duration-ms="223" status="PASS">
          <reporter-output>
          </reporter-output>
        </test-method> <!-- testGetUserByName -->
        <test-method signature="testUpdateByName()[pri:3, instance:Api.test.UserTests2@710c2b53]" started-at="2024-01-30T23:19:32 GMT-05:00" name="testUpdateByName" finished-at="2024-01-30T23:19:33 GMT-05:00" duration-ms="444" status="PASS">
          <reporter-output>
          </reporter-output>
        </test-method> <!-- testUpdateByName -->
        <test-method signature="testDeleteUserByName()[pri:4, instance:Api.test.UserTests2@710c2b53]" started-at="2024-01-30T23:19:33 GMT-05:00" name="testDeleteUserByName" finished-at="2024-01-30T23:19:33 GMT-05:00" duration-ms="183" status="PASS">
          <reporter-output>
          </reporter-output>
        </test-method> <!-- testDeleteUserByName -->
      </class> <!-- Api.test.UserTests2 -->
    </test> <!-- Default test -->
  </suite> <!-- Default suite -->
</testng-results>
