<?xml version="1.0" encoding="UTF-8"?>
<testng-results ignored="0" total="8" passed="8" failed="0" skipped="0">
  <reporter-output>
  </reporter-output>
  <suite started-at="2024-02-01T22:52:22 GMT-05:00" name="Suite" finished-at="2024-02-01T22:52:30 GMT-05:00" duration-ms="7836">
    <groups>
    </groups>
    <test started-at="2024-02-01T22:52:22 GMT-05:00" name="PetTests" finished-at="2024-02-01T22:52:30 GMT-05:00" duration-ms="7836">
      <class name="Api.test.UserTests2">
        <test-method is-config="true" signature="setupData()[pri:0, instance:Api.test.UserTests2@48bb62]" started-at="2024-02-01T22:52:29 GMT-05:00" name="setupData" finished-at="2024-02-01T22:52:29 GMT-05:00" duration-ms="138" status="PASS">
          <reporter-output>
          </reporter-output>
        </test-method> <!-- setupData -->
        <test-method signature="testPostUser()[pri:1, instance:Api.test.UserTests2@48bb62]" started-at="2024-02-01T22:52:29 GMT-05:00" name="testPostUser" finished-at="2024-02-01T22:52:30 GMT-05:00" duration-ms="228" status="PASS">
          <reporter-output>
          </reporter-output>
        </test-method> <!-- testPostUser -->
        <test-method signature="testGetUserByName()[pri:2, instance:Api.test.UserTests2@48bb62]" started-at="2024-02-01T22:52:30 GMT-05:00" name="testGetUserByName" finished-at="2024-02-01T22:52:30 GMT-05:00" duration-ms="171" status="PASS">
          <reporter-output>
          </reporter-output>
        </test-method> <!-- testGetUserByName -->
        <test-method signature="testUpdateByName()[pri:3, instance:Api.test.UserTests2@48bb62]" started-at="2024-02-01T22:52:30 GMT-05:00" name="testUpdateByName" finished-at="2024-02-01T22:52:30 GMT-05:00" duration-ms="349" status="PASS">
          <reporter-output>
          </reporter-output>
        </test-method> <!-- testUpdateByName -->
        <test-method signature="testDeleteUserByName()[pri:4, instance:Api.test.UserTests2@48bb62]" started-at="2024-02-01T22:52:30 GMT-05:00" name="testDeleteUserByName" finished-at="2024-02-01T22:52:30 GMT-05:00" duration-ms="170" status="PASS">
          <reporter-output>
          </reporter-output>
        </test-method> <!-- testDeleteUserByName -->
      </class> <!-- Api.test.UserTests2 -->
      <class name="Api.test.UserTests">
        <test-method is-config="true" signature="setupData()[pri:0, instance:Api.test.UserTests@645aa696]" started-at="2024-02-01T22:52:22 GMT-05:00" name="setupData" finished-at="2024-02-01T22:52:24 GMT-05:00" duration-ms="1708" status="PASS">
          <reporter-output>
          </reporter-output>
        </test-method> <!-- setupData -->
        <test-method signature="testPostUser()[pri:1, instance:Api.test.UserTests@645aa696]" started-at="2024-02-01T22:52:24 GMT-05:00" name="testPostUser" finished-at="2024-02-01T22:52:28 GMT-05:00" duration-ms="4050" status="PASS">
          <reporter-output>
          </reporter-output>
        </test-method> <!-- testPostUser -->
        <test-method signature="testGetUserByName()[pri:2, instance:Api.test.UserTests@645aa696]" started-at="2024-02-01T22:52:28 GMT-05:00" name="testGetUserByName" finished-at="2024-02-01T22:52:29 GMT-05:00" duration-ms="329" status="PASS">
          <reporter-output>
          </reporter-output>
        </test-method> <!-- testGetUserByName -->
        <test-method signature="testUpdateByName()[pri:3, instance:Api.test.UserTests@645aa696]" started-at="2024-02-01T22:52:29 GMT-05:00" name="testUpdateByName" finished-at="2024-02-01T22:52:29 GMT-05:00" duration-ms="396" status="PASS">
          <reporter-output>
          </reporter-output>
        </test-method> <!-- testUpdateByName -->
        <test-method signature="testDeleteUserByName()[pri:4, instance:Api.test.UserTests@645aa696]" started-at="2024-02-01T22:52:29 GMT-05:00" name="testDeleteUserByName" finished-at="2024-02-01T22:52:29 GMT-05:00" duration-ms="171" status="PASS">
          <reporter-output>
          </reporter-output>
        </test-method> <!-- testDeleteUserByName -->
      </class> <!-- Api.test.UserTests -->
    </test> <!-- PetTests -->
  </suite> <!-- Suite -->
</testng-results>
